<?xml version="1.0" encoding="UTF-8"?>
<testsuite xmlns:xsi="http://www.w3.org/2001/XMLSchema-instance" xsi:noNamespaceSchemaLocation="https://maven.apache.org/surefire/maven-surefire-plugin/xsd/surefire-test-report.xsd" version="3.0.2" name="com.quickpass.integration.signup.SignupSessionRepositoryTest" time="0.361" tests="2" errors="0" skipped="0" failures="0">
  <properties>
    <property name="java.specification.version" value="21"/>
    <property name="sun.jnu.encoding" value="UTF-8"/>
    <property name="java.class.path" value="/Users/medinaoukaci/development/quickpass/quickpass-backend/target/test-classes:/Users/medinaoukaci/development/quickpass/quickpass-backend/target/classes:/Users/medinaoukaci/.m2/repository/org/springframework/boot/spring-boot-starter-web/3.5.6/spring-boot-starter-web-3.5.6.jar:/Users/medinaoukaci/.m2/repository/org/springframework/boot/spring-boot-starter/3.5.6/spring-boot-starter-3.5.6.jar:/Users/medinaoukaci/.m2/repository/org/springframework/boot/spring-boot/3.5.6/spring-boot-3.5.6.jar:/Users/medinaoukaci/.m2/repository/org/springframework/boot/spring-boot-autoconfigure/3.5.6/spring-boot-autoconfigure-3.5.6.jar:/Users/medinaoukaci/.m2/repository/org/springframework/boot/spring-boot-starter-logging/3.5.6/spring-boot-starter-logging-3.5.6.jar:/Users/medinaoukaci/.m2/repository/ch/qos/logback/logback-classic/1.5.18/logback-classic-1.5.18.jar:/Users/medinaoukaci/.m2/repository/ch/qos/logback/logback-core/1.5.18/logback-core-1.5.18.jar:/Users/medinaoukaci/.m2/repository/org/apache/logging/log4j/log4j-to-slf4j/2.24.3/log4j-to-slf4j-2.24.3.jar:/Users/medinaoukaci/.m2/repository/org/apache/logging/log4j/log4j-api/2.24.3/log4j-api-2.24.3.jar:/Users/medinaoukaci/.m2/repository/org/slf4j/jul-to-slf4j/2.0.17/jul-to-slf4j-2.0.17.jar:/Users/medinaoukaci/.m2/repository/jakarta/annotation/jakarta.annotation-api/2.1.1/jakarta.annotation-api-2.1.1.jar:/Users/medinaoukaci/.m2/repository/org/yaml/snakeyaml/2.4/snakeyaml-2.4.jar:/Users/medinaoukaci/.m2/repository/org/springframework/boot/spring-boot-starter-json/3.5.6/spring-boot-starter-json-3.5.6.jar:/Users/medinaoukaci/.m2/repository/com/fasterxml/jackson/core/jackson-databind/2.19.2/jackson-databind-2.19.2.jar:/Users/medinaoukaci/.m2/repository/com/fasterxml/jackson/core/jackson-annotations/2.19.2/jackson-annotations-2.19.2.jar:/Users/medinaoukaci/.m2/repository/com/fasterxml/jackson/core/jackson-core/2.19.2/jackson-core-2.19.2.jar:/Users/medinaoukaci/.m2/repository/com/fasterxml/jackson/datatype/jackson-datatype-jdk8/2.19.2/jackson-datatype-jdk8-2.19.2.jar:/Users/medinaoukaci/.m2/repository/com/fasterxml/jackson/datatype/jackson-datatype-jsr310/2.19.2/jackson-datatype-jsr310-2.19.2.jar:/Users/medinaoukaci/.m2/repository/com/fasterxml/jackson/module/jackson-module-parameter-names/2.19.2/jackson-module-parameter-names-2.19.2.jar:/Users/medinaoukaci/.m2/repository/org/springframework/boot/spring-boot-starter-tomcat/3.5.6/spring-boot-starter-tomcat-3.5.6.jar:/Users/medinaoukaci/.m2/repository/org/apache/tomcat/embed/tomcat-embed-core/10.1.46/tomcat-embed-core-10.1.46.jar:/Users/medinaoukaci/.m2/repository/org/apache/tomcat/embed/tomcat-embed-websocket/10.1.46/tomcat-embed-websocket-10.1.46.jar:/Users/medinaoukaci/.m2/repository/org/springframework/spring-web/6.2.11/spring-web-6.2.11.jar:/Users/medinaoukaci/.m2/repository/org/springframework/spring-beans/6.2.11/spring-beans-6.2.11.jar:/Users/medinaoukaci/.m2/repository/org/springframework/spring-webmvc/6.2.11/spring-webmvc-6.2.11.jar:/Users/medinaoukaci/.m2/repository/org/springframework/spring-context/6.2.11/spring-context-6.2.11.jar:/Users/medinaoukaci/.m2/repository/org/springframework/spring-expression/6.2.11/spring-expression-6.2.11.jar:/Users/medinaoukaci/.m2/repository/org/springframework/boot/spring-boot-starter-data-jpa/3.5.6/spring-boot-starter-data-jpa-3.5.6.jar:/Users/medinaoukaci/.m2/repository/org/springframework/boot/spring-boot-starter-jdbc/3.5.6/spring-boot-starter-jdbc-3.5.6.jar:/Users/medinaoukaci/.m2/repository/com/zaxxer/HikariCP/6.3.3/HikariCP-6.3.3.jar:/Users/medinaoukaci/.m2/repository/org/springframework/spring-jdbc/6.2.11/spring-jdbc-6.2.11.jar:/Users/medinaoukaci/.m2/repository/org/hibernate/orm/hibernate-core/6.6.29.Final/hibernate-core-6.6.29.Final.jar:/Users/medinaoukaci/.m2/repository/jakarta/persistence/jakarta.persistence-api/3.1.0/jakarta.persistence-api-3.1.0.jar:/Users/medinaoukaci/.m2/repository/jakarta/transaction/jakarta.transaction-api/2.0.1/jakarta.transaction-api-2.0.1.jar:/Users/medinaoukaci/.m2/repository/org/jboss/logging/jboss-logging/3.6.1.Final/jboss-logging-3.6.1.Final.jar:/Users/medinaoukaci/.m2/repository/org/hibernate/common/hibernate-commons-annotations/7.0.3.Final/hibernate-commons-annotations-7.0.3.Final.jar:/Users/medinaoukaci/.m2/repository/io/smallrye/jandex/3.2.0/jandex-3.2.0.jar:/Users/medinaoukaci/.m2/repository/com/fasterxml/classmate/1.7.0/classmate-1.7.0.jar:/Users/medinaoukaci/.m2/repository/net/bytebuddy/byte-buddy/1.17.7/byte-buddy-1.17.7.jar:/Users/medinaoukaci/.m2/repository/org/glassfish/jaxb/jaxb-runtime/4.0.5/jaxb-runtime-4.0.5.jar:/Users/medinaoukaci/.m2/repository/org/glassfish/jaxb/jaxb-core/4.0.5/jaxb-core-4.0.5.jar:/Users/medinaoukaci/.m2/repository/org/eclipse/angus/angus-activation/2.0.2/angus-activation-2.0.2.jar:/Users/medinaoukaci/.m2/repository/org/glassfish/jaxb/txw2/4.0.5/txw2-4.0.5.jar:/Users/medinaoukaci/.m2/repository/com/sun/istack/istack-commons-runtime/4.1.2/istack-commons-runtime-4.1.2.jar:/Users/medinaoukaci/.m2/repository/jakarta/inject/jakarta.inject-api/2.0.1/jakarta.inject-api-2.0.1.jar:/Users/medinaoukaci/.m2/repository/org/antlr/antlr4-runtime/4.13.0/antlr4-runtime-4.13.0.jar:/Users/medinaoukaci/.m2/repository/org/springframework/data/spring-data-jpa/3.5.4/spring-data-jpa-3.5.4.jar:/Users/medinaoukaci/.m2/repository/org/springframework/data/spring-data-commons/3.5.4/spring-data-commons-3.5.4.jar:/Users/medinaoukaci/.m2/repository/org/springframework/spring-orm/6.2.11/spring-orm-6.2.11.jar:/Users/medinaoukaci/.m2/repository/org/springframework/spring-tx/6.2.11/spring-tx-6.2.11.jar:/Users/medinaoukaci/.m2/repository/org/slf4j/slf4j-api/2.0.17/slf4j-api-2.0.17.jar:/Users/medinaoukaci/.m2/repository/org/springframework/spring-aspects/6.2.11/spring-aspects-6.2.11.jar:/Users/medinaoukaci/.m2/repository/org/aspectj/aspectjweaver/1.9.24/aspectjweaver-1.9.24.jar:/Users/medinaoukaci/.m2/repository/org/springframework/boot/spring-boot-starter-security/3.5.6/spring-boot-starter-security-3.5.6.jar:/Users/medinaoukaci/.m2/repository/org/springframework/spring-aop/6.2.11/spring-aop-6.2.11.jar:/Users/medinaoukaci/.m2/repository/org/springframework/security/spring-security-config/6.5.5/spring-security-config-6.5.5.jar:/Users/medinaoukaci/.m2/repository/org/springframework/security/spring-security-web/6.5.5/spring-security-web-6.5.5.jar:/Users/medinaoukaci/.m2/repository/org/springframework/boot/spring-boot-starter-validation/3.5.6/spring-boot-starter-validation-3.5.6.jar:/Users/medinaoukaci/.m2/repository/org/apache/tomcat/embed/tomcat-embed-el/10.1.46/tomcat-embed-el-10.1.46.jar:/Users/medinaoukaci/.m2/repository/org/hibernate/validator/hibernate-validator/8.0.3.Final/hibernate-validator-8.0.3.Final.jar:/Users/medinaoukaci/.m2/repository/jakarta/validation/jakarta.validation-api/3.0.2/jakarta.validation-api-3.0.2.jar:/Users/medinaoukaci/.m2/repository/org/springframework/boot/spring-boot-starter-actuator/3.5.6/spring-boot-starter-actuator-3.5.6.jar:/Users/medinaoukaci/.m2/repository/org/springframework/boot/spring-boot-actuator-autoconfigure/3.5.6/spring-boot-actuator-autoconfigure-3.5.6.jar:/Users/medinaoukaci/.m2/repository/org/springframework/boot/spring-boot-actuator/3.5.6/spring-boot-actuator-3.5.6.jar:/Users/medinaoukaci/.m2/repository/io/micrometer/micrometer-observation/1.15.4/micrometer-observation-1.15.4.jar:/Users/medinaoukaci/.m2/repository/io/micrometer/micrometer-jakarta9/1.15.4/micrometer-jakarta9-1.15.4.jar:/Users/medinaoukaci/.m2/repository/io/micrometer/micrometer-core/1.15.4/micrometer-core-1.15.4.jar:/Users/medinaoukaci/.m2/repository/io/micrometer/micrometer-commons/1.15.4/micrometer-commons-1.15.4.jar:/Users/medinaoukaci/.m2/repository/org/hdrhistogram/HdrHistogram/2.2.2/HdrHistogram-2.2.2.jar:/Users/medinaoukaci/.m2/repository/org/latencyutils/LatencyUtils/2.0.3/LatencyUtils-2.0.3.jar:/Users/medinaoukaci/.m2/repository/io/micrometer/micrometer-registry-prometheus/1.15.4/micrometer-registry-prometheus-1.15.4.jar:/Users/medinaoukaci/.m2/repository/io/prometheus/prometheus-metrics-core/1.3.10/prometheus-metrics-core-1.3.10.jar:/Users/medinaoukaci/.m2/repository/io/prometheus/prometheus-metrics-model/1.3.10/prometheus-metrics-model-1.3.10.jar:/Users/medinaoukaci/.m2/repository/io/prometheus/prometheus-metrics-config/1.3.10/prometheus-metrics-config-1.3.10.jar:/Users/medinaoukaci/.m2/repository/io/prometheus/prometheus-metrics-tracer-common/1.3.10/prometheus-metrics-tracer-common-1.3.10.jar:/Users/medinaoukaci/.m2/repository/io/prometheus/prometheus-metrics-exposition-formats/1.3.10/prometheus-metrics-exposition-formats-1.3.10.jar:/Users/medinaoukaci/.m2/repository/io/prometheus/prometheus-metrics-exposition-textformats/1.3.10/prometheus-metrics-exposition-textformats-1.3.10.jar:/Users/medinaoukaci/.m2/repository/com/mysql/mysql-connector-j/9.4.0/mysql-connector-j-9.4.0.jar:/Users/medinaoukaci/.m2/repository/org/projectlombok/lombok/1.18.40/lombok-1.18.40.jar:/Users/medinaoukaci/.m2/repository/org/springdoc/springdoc-openapi-starter-webmvc-ui/2.8.4/springdoc-openapi-starter-webmvc-ui-2.8.4.jar:/Users/medinaoukaci/.m2/repository/org/springdoc/springdoc-openapi-starter-webmvc-api/2.8.4/springdoc-openapi-starter-webmvc-api-2.8.4.jar:/Users/medinaoukaci/.m2/repository/org/springdoc/springdoc-openapi-starter-common/2.8.4/springdoc-openapi-starter-common-2.8.4.jar:/Users/medinaoukaci/.m2/repository/io/swagger/core/v3/swagger-core-jakarta/2.2.28/swagger-core-jakarta-2.2.28.jar:/Users/medinaoukaci/.m2/repository/org/apache/commons/commons-lang3/3.17.0/commons-lang3-3.17.0.jar:/Users/medinaoukaci/.m2/repository/io/swagger/core/v3/swagger-annotations-jakarta/2.2.28/swagger-annotations-jakarta-2.2.28.jar:/Users/medinaoukaci/.m2/repository/io/swagger/core/v3/swagger-models-jakarta/2.2.28/swagger-models-jakarta-2.2.28.jar:/Users/medinaoukaci/.m2/repository/com/fasterxml/jackson/dataformat/jackson-dataformat-yaml/2.19.2/jackson-dataformat-yaml-2.19.2.jar:/Users/medinaoukaci/.m2/repository/org/webjars/swagger-ui/5.18.2/swagger-ui-5.18.2.jar:/Users/medinaoukaci/.m2/repository/org/webjars/webjars-locator-lite/1.1.0/webjars-locator-lite-1.1.0.jar:/Users/medinaoukaci/.m2/repository/org/jspecify/jspecify/1.0.0/jspecify-1.0.0.jar:/Users/medinaoukaci/.m2/repository/org/bouncycastle/bcprov-jdk18on/1.78.1/bcprov-jdk18on-1.78.1.jar:/Users/medinaoukaci/.m2/repository/org/springframework/boot/spring-boot-starter-test/3.5.6/spring-boot-starter-test-3.5.6.jar:/Users/medinaoukaci/.m2/repository/org/springframework/boot/spring-boot-test/3.5.6/spring-boot-test-3.5.6.jar:/Users/medinaoukaci/.m2/repository/org/springframework/boot/spring-boot-test-autoconfigure/3.5.6/spring-boot-test-autoconfigure-3.5.6.jar:/Users/medinaoukaci/.m2/repository/com/jayway/jsonpath/json-path/2.9.0/json-path-2.9.0.jar:/Users/medinaoukaci/.m2/repository/jakarta/xml/bind/jakarta.xml.bind-api/4.0.2/jakarta.xml.bind-api-4.0.2.jar:/Users/medinaoukaci/.m2/repository/jakarta/activation/jakarta.activation-api/2.1.4/jakarta.activation-api-2.1.4.jar:/Users/medinaoukaci/.m2/repository/net/minidev/json-smart/2.5.2/json-smart-2.5.2.jar:/Users/medinaoukaci/.m2/repository/net/minidev/accessors-smart/2.5.2/accessors-smart-2.5.2.jar:/Users/medinaoukaci/.m2/repository/org/ow2/asm/asm/9.7.1/asm-9.7.1.jar:/Users/medinaoukaci/.m2/repository/org/assertj/assertj-core/3.27.4/assertj-core-3.27.4.jar:/Users/medinaoukaci/.m2/repository/org/awaitility/awaitility/4.2.2/awaitility-4.2.2.jar:/Users/medinaoukaci/.m2/repository/org/hamcrest/hamcrest/3.0/hamcrest-3.0.jar:/Users/medinaoukaci/.m2/repository/org/junit/jupiter/junit-jupiter/5.12.2/junit-jupiter-5.12.2.jar:/Users/medinaoukaci/.m2/repository/org/junit/jupiter/junit-jupiter-api/5.12.2/junit-jupiter-api-5.12.2.jar:/Users/medinaoukaci/.m2/repository/org/opentest4j/opentest4j/1.3.0/opentest4j-1.3.0.jar:/Users/medinaoukaci/.m2/repository/org/junit/platform/junit-platform-commons/1.12.2/junit-platform-commons-1.12.2.jar:/Users/medinaoukaci/.m2/repository/org/apiguardian/apiguardian-api/1.1.2/apiguardian-api-1.1.2.jar:/Users/medinaoukaci/.m2/repository/org/junit/jupiter/junit-jupiter-params/5.12.2/junit-jupiter-params-5.12.2.jar:/Users/medinaoukaci/.m2/repository/org/junit/jupiter/junit-jupiter-engine/5.12.2/junit-jupiter-engine-5.12.2.jar:/Users/medinaoukaci/.m2/repository/org/junit/platform/junit-platform-engine/1.12.2/junit-platform-engine-1.12.2.jar:/Users/medinaoukaci/.m2/repository/org/mockito/mockito-core/5.17.0/mockito-core-5.17.0.jar:/Users/medinaoukaci/.m2/repository/net/bytebuddy/byte-buddy-agent/1.17.7/byte-buddy-agent-1.17.7.jar:/Users/medinaoukaci/.m2/repository/org/objenesis/objenesis/3.3/objenesis-3.3.jar:/Users/medinaoukaci/.m2/repository/org/mockito/mockito-junit-jupiter/5.17.0/mockito-junit-jupiter-5.17.0.jar:/Users/medinaoukaci/.m2/repository/org/skyscreamer/jsonassert/1.5.3/jsonassert-1.5.3.jar:/Users/medinaoukaci/.m2/repository/com/vaadin/external/google/android-json/0.0.20131108.vaadin1/android-json-0.0.20131108.vaadin1.jar:/Users/medinaoukaci/.m2/repository/org/springframework/spring-core/6.2.11/spring-core-6.2.11.jar:/Users/medinaoukaci/.m2/repository/org/springframework/spring-jcl/6.2.11/spring-jcl-6.2.11.jar:/Users/medinaoukaci/.m2/repository/org/springframework/spring-test/6.2.11/spring-test-6.2.11.jar:/Users/medinaoukaci/.m2/repository/org/xmlunit/xmlunit-core/2.10.4/xmlunit-core-2.10.4.jar:/Users/medinaoukaci/.m2/repository/org/springframework/security/spring-security-test/6.5.5/spring-security-test-6.5.5.jar:/Users/medinaoukaci/.m2/repository/org/springframework/security/spring-security-core/6.5.5/spring-security-core-6.5.5.jar:/Users/medinaoukaci/.m2/repository/org/springframework/security/spring-security-crypto/6.5.5/spring-security-crypto-6.5.5.jar:/Users/medinaoukaci/.m2/repository/com/h2database/h2/2.3.232/h2-2.3.232.jar:"/>
    <property name="java.vm.vendor" value="Homebrew"/>
    <property name="sun.arch.data.model" value="64"/>
    <property name="java.vendor.url" value="https://github.com/Homebrew/homebrew-core/issues"/>
    <property name="user.timezone" value="Europe/Paris"/>
    <property name="org.jboss.logging.provider" value="slf4j"/>
    <property name="os.name" value="Mac OS X"/>
    <property name="java.vm.specification.version" value="21"/>
    <property name="sun.java.launcher" value="SUN_STANDARD"/>
    <property name="user.country" value="FR"/>
    <property name="sun.boot.library.path" value="/usr/local/Cellar/openjdk@21/21.0.8/libexec/openjdk.jdk/Contents/Home/lib"/>
    <property name="sun.java.command" value="/Users/medinaoukaci/development/quickpass/quickpass-backend/target/surefire/surefirebooter-20251017104321543_3.jar /Users/medinaoukaci/development/quickpass/quickpass-backend/target/surefire 2025-10-17T10-43-21_448-jvmRun1 surefire-20251017104321543_1tmp surefire_0-20251017104321543_2tmp"/>
    <property name="http.nonProxyHosts" value="local|*.local|169.254/16|*.169.254/16"/>
    <property name="jdk.debug" value="release"/>
    <property name="surefire.test.class.path" value="/Users/medinaoukaci/development/quickpass/quickpass-backend/target/test-classes:/Users/medinaoukaci/development/quickpass/quickpass-backend/target/classes:/Users/medinaoukaci/.m2/repository/org/springframework/boot/spring-boot-starter-web/3.5.6/spring-boot-starter-web-3.5.6.jar:/Users/medinaoukaci/.m2/repository/org/springframework/boot/spring-boot-starter/3.5.6/spring-boot-starter-3.5.6.jar:/Users/medinaoukaci/.m2/repository/org/springframework/boot/spring-boot/3.5.6/spring-boot-3.5.6.jar:/Users/medinaoukaci/.m2/repository/org/springframework/boot/spring-boot-autoconfigure/3.5.6/spring-boot-autoconfigure-3.5.6.jar:/Users/medinaoukaci/.m2/repository/org/springframework/boot/spring-boot-starter-logging/3.5.6/spring-boot-starter-logging-3.5.6.jar:/Users/medinaoukaci/.m2/repository/ch/qos/logback/logback-classic/1.5.18/logback-classic-1.5.18.jar:/Users/medinaoukaci/.m2/repository/ch/qos/logback/logback-core/1.5.18/logback-core-1.5.18.jar:/Users/medinaoukaci/.m2/repository/org/apache/logging/log4j/log4j-to-slf4j/2.24.3/log4j-to-slf4j-2.24.3.jar:/Users/medinaoukaci/.m2/repository/org/apache/logging/log4j/log4j-api/2.24.3/log4j-api-2.24.3.jar:/Users/medinaoukaci/.m2/repository/org/slf4j/jul-to-slf4j/2.0.17/jul-to-slf4j-2.0.17.jar:/Users/medinaoukaci/.m2/repository/jakarta/annotation/jakarta.annotation-api/2.1.1/jakarta.annotation-api-2.1.1.jar:/Users/medinaoukaci/.m2/repository/org/yaml/snakeyaml/2.4/snakeyaml-2.4.jar:/Users/medinaoukaci/.m2/repository/org/springframework/boot/spring-boot-starter-json/3.5.6/spring-boot-starter-json-3.5.6.jar:/Users/medinaoukaci/.m2/repository/com/fasterxml/jackson/core/jackson-databind/2.19.2/jackson-databind-2.19.2.jar:/Users/medinaoukaci/.m2/repository/com/fasterxml/jackson/core/jackson-annotations/2.19.2/jackson-annotations-2.19.2.jar:/Users/medinaoukaci/.m2/repository/com/fasterxml/jackson/core/jackson-core/2.19.2/jackson-core-2.19.2.jar:/Users/medinaoukaci/.m2/repository/com/fasterxml/jackson/datatype/jackson-datatype-jdk8/2.19.2/jackson-datatype-jdk8-2.19.2.jar:/Users/medinaoukaci/.m2/repository/com/fasterxml/jackson/datatype/jackson-datatype-jsr310/2.19.2/jackson-datatype-jsr310-2.19.2.jar:/Users/medinaoukaci/.m2/repository/com/fasterxml/jackson/module/jackson-module-parameter-names/2.19.2/jackson-module-parameter-names-2.19.2.jar:/Users/medinaoukaci/.m2/repository/org/springframework/boot/spring-boot-starter-tomcat/3.5.6/spring-boot-starter-tomcat-3.5.6.jar:/Users/medinaoukaci/.m2/repository/org/apache/tomcat/embed/tomcat-embed-core/10.1.46/tomcat-embed-core-10.1.46.jar:/Users/medinaoukaci/.m2/repository/org/apache/tomcat/embed/tomcat-embed-websocket/10.1.46/tomcat-embed-websocket-10.1.46.jar:/Users/medinaoukaci/.m2/repository/org/springframework/spring-web/6.2.11/spring-web-6.2.11.jar:/Users/medinaoukaci/.m2/repository/org/springframework/spring-beans/6.2.11/spring-beans-6.2.11.jar:/Users/medinaoukaci/.m2/repository/org/springframework/spring-webmvc/6.2.11/spring-webmvc-6.2.11.jar:/Users/medinaoukaci/.m2/repository/org/springframework/spring-context/6.2.11/spring-context-6.2.11.jar:/Users/medinaoukaci/.m2/repository/org/springframework/spring-expression/6.2.11/spring-expression-6.2.11.jar:/Users/medinaoukaci/.m2/repository/org/springframework/boot/spring-boot-starter-data-jpa/3.5.6/spring-boot-starter-data-jpa-3.5.6.jar:/Users/medinaoukaci/.m2/repository/org/springframework/boot/spring-boot-starter-jdbc/3.5.6/spring-boot-starter-jdbc-3.5.6.jar:/Users/medinaoukaci/.m2/repository/com/zaxxer/HikariCP/6.3.3/HikariCP-6.3.3.jar:/Users/medinaoukaci/.m2/repository/org/springframework/spring-jdbc/6.2.11/spring-jdbc-6.2.11.jar:/Users/medinaoukaci/.m2/repository/org/hibernate/orm/hibernate-core/6.6.29.Final/hibernate-core-6.6.29.Final.jar:/Users/medinaoukaci/.m2/repository/jakarta/persistence/jakarta.persistence-api/3.1.0/jakarta.persistence-api-3.1.0.jar:/Users/medinaoukaci/.m2/repository/jakarta/transaction/jakarta.transaction-api/2.0.1/jakarta.transaction-api-2.0.1.jar:/Users/medinaoukaci/.m2/repository/org/jboss/logging/jboss-logging/3.6.1.Final/jboss-logging-3.6.1.Final.jar:/Users/medinaoukaci/.m2/repository/org/hibernate/common/hibernate-commons-annotations/7.0.3.Final/hibernate-commons-annotations-7.0.3.Final.jar:/Users/medinaoukaci/.m2/repository/io/smallrye/jandex/3.2.0/jandex-3.2.0.jar:/Users/medinaoukaci/.m2/repository/com/fasterxml/classmate/1.7.0/classmate-1.7.0.jar:/Users/medinaoukaci/.m2/repository/net/bytebuddy/byte-buddy/1.17.7/byte-buddy-1.17.7.jar:/Users/medinaoukaci/.m2/repository/org/glassfish/jaxb/jaxb-runtime/4.0.5/jaxb-runtime-4.0.5.jar:/Users/medinaoukaci/.m2/repository/org/glassfish/jaxb/jaxb-core/4.0.5/jaxb-core-4.0.5.jar:/Users/medinaoukaci/.m2/repository/org/eclipse/angus/angus-activation/2.0.2/angus-activation-2.0.2.jar:/Users/medinaoukaci/.m2/repository/org/glassfish/jaxb/txw2/4.0.5/txw2-4.0.5.jar:/Users/medinaoukaci/.m2/repository/com/sun/istack/istack-commons-runtime/4.1.2/istack-commons-runtime-4.1.2.jar:/Users/medinaoukaci/.m2/repository/jakarta/inject/jakarta.inject-api/2.0.1/jakarta.inject-api-2.0.1.jar:/Users/medinaoukaci/.m2/repository/org/antlr/antlr4-runtime/4.13.0/antlr4-runtime-4.13.0.jar:/Users/medinaoukaci/.m2/repository/org/springframework/data/spring-data-jpa/3.5.4/spring-data-jpa-3.5.4.jar:/Users/medinaoukaci/.m2/repository/org/springframework/data/spring-data-commons/3.5.4/spring-data-commons-3.5.4.jar:/Users/medinaoukaci/.m2/repository/org/springframework/spring-orm/6.2.11/spring-orm-6.2.11.jar:/Users/medinaoukaci/.m2/repository/org/springframework/spring-tx/6.2.11/spring-tx-6.2.11.jar:/Users/medinaoukaci/.m2/repository/org/slf4j/slf4j-api/2.0.17/slf4j-api-2.0.17.jar:/Users/medinaoukaci/.m2/repository/org/springframework/spring-aspects/6.2.11/spring-aspects-6.2.11.jar:/Users/medinaoukaci/.m2/repository/org/aspectj/aspectjweaver/1.9.24/aspectjweaver-1.9.24.jar:/Users/medinaoukaci/.m2/repository/org/springframework/boot/spring-boot-starter-security/3.5.6/spring-boot-starter-security-3.5.6.jar:/Users/medinaoukaci/.m2/repository/org/springframework/spring-aop/6.2.11/spring-aop-6.2.11.jar:/Users/medinaoukaci/.m2/repository/org/springframework/security/spring-security-config/6.5.5/spring-security-config-6.5.5.jar:/Users/medinaoukaci/.m2/repository/org/springframework/security/spring-security-web/6.5.5/spring-security-web-6.5.5.jar:/Users/medinaoukaci/.m2/repository/org/springframework/boot/spring-boot-starter-validation/3.5.6/spring-boot-starter-validation-3.5.6.jar:/Users/medinaoukaci/.m2/repository/org/apache/tomcat/embed/tomcat-embed-el/10.1.46/tomcat-embed-el-10.1.46.jar:/Users/medinaoukaci/.m2/repository/org/hibernate/validator/hibernate-validator/8.0.3.Final/hibernate-validator-8.0.3.Final.jar:/Users/medinaoukaci/.m2/repository/jakarta/validation/jakarta.validation-api/3.0.2/jakarta.validation-api-3.0.2.jar:/Users/medinaoukaci/.m2/repository/org/springframework/boot/spring-boot-starter-actuator/3.5.6/spring-boot-starter-actuator-3.5.6.jar:/Users/medinaoukaci/.m2/repository/org/springframework/boot/spring-boot-actuator-autoconfigure/3.5.6/spring-boot-actuator-autoconfigure-3.5.6.jar:/Users/medinaoukaci/.m2/repository/org/springframework/boot/spring-boot-actuator/3.5.6/spring-boot-actuator-3.5.6.jar:/Users/medinaoukaci/.m2/repository/io/micrometer/micrometer-observation/1.15.4/micrometer-observation-1.15.4.jar:/Users/medinaoukaci/.m2/repository/io/micrometer/micrometer-jakarta9/1.15.4/micrometer-jakarta9-1.15.4.jar:/Users/medinaoukaci/.m2/repository/io/micrometer/micrometer-core/1.15.4/micrometer-core-1.15.4.jar:/Users/medinaoukaci/.m2/repository/io/micrometer/micrometer-commons/1.15.4/micrometer-commons-1.15.4.jar:/Users/medinaoukaci/.m2/repository/org/hdrhistogram/HdrHistogram/2.2.2/HdrHistogram-2.2.2.jar:/Users/medinaoukaci/.m2/repository/org/latencyutils/LatencyUtils/2.0.3/LatencyUtils-2.0.3.jar:/Users/medinaoukaci/.m2/repository/io/micrometer/micrometer-registry-prometheus/1.15.4/micrometer-registry-prometheus-1.15.4.jar:/Users/medinaoukaci/.m2/repository/io/prometheus/prometheus-metrics-core/1.3.10/prometheus-metrics-core-1.3.10.jar:/Users/medinaoukaci/.m2/repository/io/prometheus/prometheus-metrics-model/1.3.10/prometheus-metrics-model-1.3.10.jar:/Users/medinaoukaci/.m2/repository/io/prometheus/prometheus-metrics-config/1.3.10/prometheus-metrics-config-1.3.10.jar:/Users/medinaoukaci/.m2/repository/io/prometheus/prometheus-metrics-tracer-common/1.3.10/prometheus-metrics-tracer-common-1.3.10.jar:/Users/medinaoukaci/.m2/repository/io/prometheus/prometheus-metrics-exposition-formats/1.3.10/prometheus-metrics-exposition-formats-1.3.10.jar:/Users/medinaoukaci/.m2/repository/io/prometheus/prometheus-metrics-exposition-textformats/1.3.10/prometheus-metrics-exposition-textformats-1.3.10.jar:/Users/medinaoukaci/.m2/repository/com/mysql/mysql-connector-j/9.4.0/mysql-connector-j-9.4.0.jar:/Users/medinaoukaci/.m2/repository/org/projectlombok/lombok/1.18.40/lombok-1.18.40.jar:/Users/medinaoukaci/.m2/repository/org/springdoc/springdoc-openapi-starter-webmvc-ui/2.8.4/springdoc-openapi-starter-webmvc-ui-2.8.4.jar:/Users/medinaoukaci/.m2/repository/org/springdoc/springdoc-openapi-starter-webmvc-api/2.8.4/springdoc-openapi-starter-webmvc-api-2.8.4.jar:/Users/medinaoukaci/.m2/repository/org/springdoc/springdoc-openapi-starter-common/2.8.4/springdoc-openapi-starter-common-2.8.4.jar:/Users/medinaoukaci/.m2/repository/io/swagger/core/v3/swagger-core-jakarta/2.2.28/swagger-core-jakarta-2.2.28.jar:/Users/medinaoukaci/.m2/repository/org/apache/commons/commons-lang3/3.17.0/commons-lang3-3.17.0.jar:/Users/medinaoukaci/.m2/repository/io/swagger/core/v3/swagger-annotations-jakarta/2.2.28/swagger-annotations-jakarta-2.2.28.jar:/Users/medinaoukaci/.m2/repository/io/swagger/core/v3/swagger-models-jakarta/2.2.28/swagger-models-jakarta-2.2.28.jar:/Users/medinaoukaci/.m2/repository/com/fasterxml/jackson/dataformat/jackson-dataformat-yaml/2.19.2/jackson-dataformat-yaml-2.19.2.jar:/Users/medinaoukaci/.m2/repository/org/webjars/swagger-ui/5.18.2/swagger-ui-5.18.2.jar:/Users/medinaoukaci/.m2/repository/org/webjars/webjars-locator-lite/1.1.0/webjars-locator-lite-1.1.0.jar:/Users/medinaoukaci/.m2/repository/org/jspecify/jspecify/1.0.0/jspecify-1.0.0.jar:/Users/medinaoukaci/.m2/repository/org/bouncycastle/bcprov-jdk18on/1.78.1/bcprov-jdk18on-1.78.1.jar:/Users/medinaoukaci/.m2/repository/org/springframework/boot/spring-boot-starter-test/3.5.6/spring-boot-starter-test-3.5.6.jar:/Users/medinaoukaci/.m2/repository/org/springframework/boot/spring-boot-test/3.5.6/spring-boot-test-3.5.6.jar:/Users/medinaoukaci/.m2/repository/org/springframework/boot/spring-boot-test-autoconfigure/3.5.6/spring-boot-test-autoconfigure-3.5.6.jar:/Users/medinaoukaci/.m2/repository/com/jayway/jsonpath/json-path/2.9.0/json-path-2.9.0.jar:/Users/medinaoukaci/.m2/repository/jakarta/xml/bind/jakarta.xml.bind-api/4.0.2/jakarta.xml.bind-api-4.0.2.jar:/Users/medinaoukaci/.m2/repository/jakarta/activation/jakarta.activation-api/2.1.4/jakarta.activation-api-2.1.4.jar:/Users/medinaoukaci/.m2/repository/net/minidev/json-smart/2.5.2/json-smart-2.5.2.jar:/Users/medinaoukaci/.m2/repository/net/minidev/accessors-smart/2.5.2/accessors-smart-2.5.2.jar:/Users/medinaoukaci/.m2/repository/org/ow2/asm/asm/9.7.1/asm-9.7.1.jar:/Users/medinaoukaci/.m2/repository/org/assertj/assertj-core/3.27.4/assertj-core-3.27.4.jar:/Users/medinaoukaci/.m2/repository/org/awaitility/awaitility/4.2.2/awaitility-4.2.2.jar:/Users/medinaoukaci/.m2/repository/org/hamcrest/hamcrest/3.0/hamcrest-3.0.jar:/Users/medinaoukaci/.m2/repository/org/junit/jupiter/junit-jupiter/5.12.2/junit-jupiter-5.12.2.jar:/Users/medinaoukaci/.m2/repository/org/junit/jupiter/junit-jupiter-api/5.12.2/junit-jupiter-api-5.12.2.jar:/Users/medinaoukaci/.m2/repository/org/opentest4j/opentest4j/1.3.0/opentest4j-1.3.0.jar:/Users/medinaoukaci/.m2/repository/org/junit/platform/junit-platform-commons/1.12.2/junit-platform-commons-1.12.2.jar:/Users/medinaoukaci/.m2/repository/org/apiguardian/apiguardian-api/1.1.2/apiguardian-api-1.1.2.jar:/Users/medinaoukaci/.m2/repository/org/junit/jupiter/junit-jupiter-params/5.12.2/junit-jupiter-params-5.12.2.jar:/Users/medinaoukaci/.m2/repository/org/junit/jupiter/junit-jupiter-engine/5.12.2/junit-jupiter-engine-5.12.2.jar:/Users/medinaoukaci/.m2/repository/org/junit/platform/junit-platform-engine/1.12.2/junit-platform-engine-1.12.2.jar:/Users/medinaoukaci/.m2/repository/org/mockito/mockito-core/5.17.0/mockito-core-5.17.0.jar:/Users/medinaoukaci/.m2/repository/net/bytebuddy/byte-buddy-agent/1.17.7/byte-buddy-agent-1.17.7.jar:/Users/medinaoukaci/.m2/repository/org/objenesis/objenesis/3.3/objenesis-3.3.jar:/Users/medinaoukaci/.m2/repository/org/mockito/mockito-junit-jupiter/5.17.0/mockito-junit-jupiter-5.17.0.jar:/Users/medinaoukaci/.m2/repository/org/skyscreamer/jsonassert/1.5.3/jsonassert-1.5.3.jar:/Users/medinaoukaci/.m2/repository/com/vaadin/external/google/android-json/0.0.20131108.vaadin1/android-json-0.0.20131108.vaadin1.jar:/Users/medinaoukaci/.m2/repository/org/springframework/spring-core/6.2.11/spring-core-6.2.11.jar:/Users/medinaoukaci/.m2/repository/org/springframework/spring-jcl/6.2.11/spring-jcl-6.2.11.jar:/Users/medinaoukaci/.m2/repository/org/springframework/spring-test/6.2.11/spring-test-6.2.11.jar:/Users/medinaoukaci/.m2/repository/org/xmlunit/xmlunit-core/2.10.4/xmlunit-core-2.10.4.jar:/Users/medinaoukaci/.m2/repository/org/springframework/security/spring-security-test/6.5.5/spring-security-test-6.5.5.jar:/Users/medinaoukaci/.m2/repository/org/springframework/security/spring-security-core/6.5.5/spring-security-core-6.5.5.jar:/Users/medinaoukaci/.m2/repository/org/springframework/security/spring-security-crypto/6.5.5/spring-security-crypto-6.5.5.jar:/Users/medinaoukaci/.m2/repository/com/h2database/h2/2.3.232/h2-2.3.232.jar:"/>
    <property name="sun.cpu.endian" value="little"/>
    <property name="user.home" value="/Users/medinaoukaci"/>
    <property name="user.language" value="fr"/>
    <property name="java.specification.vendor" value="Oracle Corporation"/>
    <property name="java.version.date" value="2025-07-15"/>
    <property name="java.home" value="/usr/local/Cellar/openjdk@21/21.0.8/libexec/openjdk.jdk/Contents/Home"/>
    <property name="file.separator" value="/"/>
    <property name="basedir" value="/Users/medinaoukaci/development/quickpass/quickpass-backend"/>
    <property name="java.vm.compressedOopsMode" value="Zero based"/>
    <property name="line.separator" value="&#10;"/>
    <property name="java.vm.specification.vendor" value="Oracle Corporation"/>
    <property name="java.specification.name" value="Java Platform API Specification"/>
    <property name="FILE_LOG_CHARSET" value="UTF-8"/>
    <property name="java.awt.headless" value="true"/>
    <property name="apple.awt.application.name" value="ForkedBooter"/>
    <property name="surefire.real.class.path" value="/Users/medinaoukaci/development/quickpass/quickpass-backend/target/surefire/surefirebooter-20251017104321543_3.jar"/>
    <property name="sun.management.compiler" value="HotSpot 64-Bit Tiered Compilers"/>
    <property name="ftp.nonProxyHosts" value="local|*.local|169.254/16|*.169.254/16"/>
    <property name="java.runtime.version" value="21.0.8"/>
    <property name="user.name" value="medinaoukaci"/>
    <property name="stdout.encoding" value="UTF-8"/>
    <property name="path.separator" value=":"/>
    <property name="os.version" value="15.6.1"/>
    <property name="java.runtime.name" value="OpenJDK Runtime Environment"/>
    <property name="file.encoding" value="UTF-8"/>
    <property name="java.vm.name" value="OpenJDK 64-Bit Server VM"/>
    <property name="java.vendor.version" value="Homebrew"/>
    <property name="localRepository" value="/Users/medinaoukaci/.m2/repository"/>
    <property name="java.vendor.url.bug" value="https://github.com/Homebrew/homebrew-core/issues"/>
    <property name="java.io.tmpdir" value="/var/folders/pk/2ncgkntx2w38rrdgc94twwth0000gn/T/"/>
    <property name="com.zaxxer.hikari.pool_number" value="4"/>
    <property name="java.version" value="21.0.8"/>
    <property name="user.dir" value="/Users/medinaoukaci/development/quickpass/quickpass-backend"/>
    <property name="os.arch" value="x86_64"/>
    <property name="java.vm.specification.name" value="Java Virtual Machine Specification"/>
    <property name="PID" value="50718"/>
    <property name="CONSOLE_LOG_CHARSET" value="UTF-8"/>
    <property name="native.encoding" value="UTF-8"/>
    <property name="java.library.path" value="/Users/medinaoukaci/Library/Java/Extensions:/Library/Java/Extensions:/Network/Library/Java/Extensions:/System/Library/Java/Extensions:/usr/lib/java:."/>
    <property name="java.vm.info" value="mixed mode, sharing"/>
    <property name="stderr.encoding" value="UTF-8"/>
    <property name="java.vendor" value="Homebrew"/>
    <property name="java.vm.version" value="21.0.8"/>
    <property name="sun.io.unicode.encoding" value="UnicodeBig"/>
    <property name="socksNonProxyHosts" value="local|*.local|169.254/16|*.169.254/16"/>
    <property name="java.class.version" value="65.0"/>
  </properties>
  <testcase name="shouldNotDeleteIfNoExpiredSessions" classname="com.quickpass.integration.signup.SignupSessionRepositoryTest" time="0.036">
    <system-out><![CDATA[2025-10-17T10:43:39.283+02:00  INFO 50718 --- [           main] t.c.s.AnnotationConfigContextLoaderUtils : Could not detect default configuration classes for test class [com.quickpass.integration.signup.SignupSessionRepositoryTest]: SignupSessionRepositoryTest does not declare any static, non-private, non-final, nested classes annotated with @Configuration.
2025-10-17T10:43:39.298+02:00  INFO 50718 --- [           main] .b.t.c.SpringBootTestContextBootstrapper : Found @SpringBootConfiguration com.quickpass.QuickPassBackendApplication for test class com.quickpass.integration.signup.SignupSessionRepositoryTest

  .   ____          _            __ _ _
 /\\ / ___'_ __ _ _(_)_ __  __ _ \ \ \ \
( ( )\___ | '_ | '_| | '_ \/ _` | \ \ \ \
 \\/  ___)| |_)| | | | | || (_| |  ) ) ) )
  '  |____| .__|_| |_|_| |_\__, | / / / /
 =========|_|==============|___/=/_/_/_/

 :: Spring Boot ::                (v3.5.6)

2025-10-17T10:43:39.325+02:00  INFO 50718 --- [           main] c.q.i.s.SignupSessionRepositoryTest      : Starting SignupSessionRepositoryTest using Java 21.0.8 with PID 50718 (started by medinaoukaci in /Users/medinaoukaci/development/quickpass/quickpass-backend)
2025-10-17T10:43:39.325+02:00  INFO 50718 --- [           main] c.q.i.s.SignupSessionRepositoryTest      : No active profile set, falling back to 1 default profile: "default"
2025-10-17T10:43:39.412+02:00  INFO 50718 --- [           main] .s.d.r.c.RepositoryConfigurationDelegate : Bootstrapping Spring Data JPA repositories in DEFAULT mode.
2025-10-17T10:43:39.417+02:00  INFO 50718 --- [           main] .s.d.r.c.RepositoryConfigurationDelegate : Finished Spring Data repository scanning in 3 ms. Found 1 JPA repository interface.
2025-10-17T10:43:39.433+02:00  INFO 50718 --- [           main] beddedDataSourceBeanFactoryPostProcessor : Replacing 'dataSource' DataSource bean with embedded version
2025-10-17T10:43:39.463+02:00  INFO 50718 --- [           main] o.s.j.d.e.EmbeddedDatabaseFactory        : Starting embedded database: url='jdbc:h2:mem:7b520180-f962-4b3a-ab60-e525e2c9b3ff;DB_CLOSE_DELAY=-1;DB_CLOSE_ON_EXIT=false', username='sa'
2025-10-17T10:43:39.474+02:00  INFO 50718 --- [           main] o.hibernate.jpa.internal.util.LogHelper  : HHH000204: Processing PersistenceUnitInfo [name: default]
2025-10-17T10:43:39.476+02:00  INFO 50718 --- [           main] o.h.c.internal.RegionFactoryInitiator    : HHH000026: Second-level cache disabled
2025-10-17T10:43:39.531+02:00  INFO 50718 --- [           main] o.s.o.j.p.SpringPersistenceUnitInfo      : No LoadTimeWeaver setup: ignoring JPA class transformer
2025-10-17T10:43:39.532+02:00  WARN 50718 --- [           main] org.hibernate.orm.deprecation            : HHH90000025: H2Dialect does not need to be specified explicitly using 'hibernate.dialect' (remove the property setting and it will be selected by default)
2025-10-17T10:43:39.533+02:00  INFO 50718 --- [           main] org.hibernate.orm.connections.pooling    : HHH10001005: Database info:
	Database JDBC URL [Connecting through datasource 'org.springframework.jdbc.datasource.embedded.EmbeddedDatabaseFactory$EmbeddedDataSourceProxy@10a2f485']
	Database driver: undefined/unknown
	Database version: 2.3.232
	Autocommit mode: undefined/unknown
	Isolation level: undefined/unknown
	Minimum pool size: undefined/unknown
	Maximum pool size: undefined/unknown
2025-10-17T10:43:39.556+02:00  INFO 50718 --- [           main] o.h.e.t.j.p.i.JtaPlatformInitiator       : HHH000489: No JTA platform available (set 'hibernate.transaction.jta.platform' to enable JTA platform integration)
2025-10-17T10:43:39.557+02:00 DEBUG 50718 --- [           main] org.hibernate.SQL                        : 
    drop table if exists signup_session cascade 
Hibernate: 
    drop table if exists signup_session cascade 
2025-10-17T10:43:39.557+02:00 DEBUG 50718 --- [           main] org.hibernate.SQL                        : 
    create table signup_session (
        completed boolean not null,
        compte_id bigint,
        created_at timestamp(6) not null,
        expires_at timestamp(6) not null,
        id bigint generated by default as identity,
        updated_at timestamp(6) not null,
        email varchar(255) not null,
        current_step enum ('ADRESSE_MODE_VENTE','CONSENTS','EMAIL','EMAIL_CODE','PASSWORD','PROFILE','SMS_CODE','STRIPE') not null,
        signup_type enum ('BOULANGER','CLIENT','EMPLOYE') not null,
        primary key (id)
    )
Hibernate: 
    create table signup_session (
        completed boolean not null,
        compte_id bigint,
        created_at timestamp(6) not null,
        expires_at timestamp(6) not null,
        id bigint generated by default as identity,
        updated_at timestamp(6) not null,
        email varchar(255) not null,
        current_step enum ('ADRESSE_MODE_VENTE','CONSENTS','EMAIL','EMAIL_CODE','PASSWORD','PROFILE','SMS_CODE','STRIPE') not null,
        signup_type enum ('BOULANGER','CLIENT','EMPLOYE') not null,
        primary key (id)
    )
2025-10-17T10:43:39.559+02:00  INFO 50718 --- [           main] j.LocalContainerEntityManagerFactoryBean : Initialized JPA EntityManagerFactory for persistence unit 'default'
2025-10-17T10:43:39.591+02:00  INFO 50718 --- [           main] c.q.i.s.SignupSessionRepositoryTest      : Started SignupSessionRepositoryTest in 0.29 seconds (process running for 17.958)
2025-10-17T10:43:39.599+02:00 DEBUG 50718 --- [           main] org.hibernate.SQL                        : 
    /* insert for
        com.quickpass.signup.domain.model.SignupSession */insert 
    into
        signup_session (completed, compte_id, created_at, current_step, email, expires_at, signup_type, updated_at, id) 
    values
        (?, ?, ?, ?, ?, ?, ?, ?, default)
Hibernate: 
    /* insert for
        com.quickpass.signup.domain.model.SignupSession */insert 
    into
        signup_session (completed, compte_id, created_at, current_step, email, expires_at, signup_type, updated_at, id) 
    values
        (?, ?, ?, ?, ?, ?, ?, ?, default)
2025-10-17T10:43:39.601+02:00 DEBUG 50718 --- [           main] org.hibernate.SQL                        : 
    /* insert for
        com.quickpass.signup.domain.model.SignupSession */insert 
    into
        signup_session (completed, compte_id, created_at, current_step, email, expires_at, signup_type, updated_at, id) 
    values
        (?, ?, ?, ?, ?, ?, ?, ?, default)
Hibernate: 
    /* insert for
        com.quickpass.signup.domain.model.SignupSession */insert 
    into
        signup_session (completed, compte_id, created_at, current_step, email, expires_at, signup_type, updated_at, id) 
    values
        (?, ?, ?, ?, ?, ?, ?, ?, default)
2025-10-17T10:43:39.603+02:00 DEBUG 50718 --- [           main] org.hibernate.SQL                        : 
    /* <criteria> */ select
        ss1_0.id,
        ss1_0.completed,
        ss1_0.compte_id,
        ss1_0.created_at,
        ss1_0.current_step,
        ss1_0.email,
        ss1_0.expires_at,
        ss1_0.signup_type,
        ss1_0.updated_at 
    from
        signup_session ss1_0
Hibernate: 
    /* <criteria> */ select
        ss1_0.id,
        ss1_0.completed,
        ss1_0.compte_id,
        ss1_0.created_at,
        ss1_0.current_step,
        ss1_0.email,
        ss1_0.expires_at,
        ss1_0.signup_type,
        ss1_0.updated_at 
    from
        signup_session ss1_0
2025-10-17T10:43:39.604+02:00 DEBUG 50718 --- [           main] org.hibernate.SQL                        : 
    /* insert for
        com.quickpass.signup.domain.model.SignupSession */insert 
    into
        signup_session (completed, compte_id, created_at, current_step, email, expires_at, signup_type, updated_at, id) 
    values
        (?, ?, ?, ?, ?, ?, ?, ?, default)
Hibernate: 
    /* insert for
        com.quickpass.signup.domain.model.SignupSession */insert 
    into
        signup_session (completed, compte_id, created_at, current_step, email, expires_at, signup_type, updated_at, id) 
    values
        (?, ?, ?, ?, ?, ?, ?, ?, default)
2025-10-17T10:43:39.615+02:00 DEBUG 50718 --- [           main] org.hibernate.SQL                        : 
    /* delete for com.quickpass.signup.domain.model.SignupSession */delete 
    from
        signup_session 
    where
        id=?
Hibernate: 
    /* delete for com.quickpass.signup.domain.model.SignupSession */delete 
    from
        signup_session 
    where
        id=?
2025-10-17T10:43:39.615+02:00 DEBUG 50718 --- [           main] org.hibernate.SQL                        : 
    /* delete for com.quickpass.signup.domain.model.SignupSession */delete 
    from
        signup_session 
    where
        id=?
Hibernate: 
    /* delete for com.quickpass.signup.domain.model.SignupSession */delete 
    from
        signup_session 
    where
        id=?
2025-10-17T10:43:39.615+02:00 DEBUG 50718 --- [           main] org.hibernate.SQL                        : 
    /* DELETE 
    FROM
        SignupSession s 
    WHERE
        s.expiresAt < :cutoff */ delete 
    from
        signup_session ss1_0 
    where
        ss1_0.expires_at<?
Hibernate: 
    /* DELETE 
    FROM
        SignupSession s 
    WHERE
        s.expiresAt < :cutoff */ delete 
    from
        signup_session ss1_0 
    where
        ss1_0.expires_at<?
2025-10-17T10:43:39.626+02:00 DEBUG 50718 --- [           main] org.hibernate.SQL                        : 
    /* select
        count(*) 
    from
        SignupSession x */ select
            count(*) 
        from
            signup_session ss1_0
Hibernate: 
    /* select
        count(*) 
    from
        SignupSession x */ select
            count(*) 
        from
            signup_session ss1_0
]]></system-out>
  </testcase>
  <testcase name="shouldDeleteOnlyExpiredSessions" classname="com.quickpass.integration.signup.SignupSessionRepositoryTest" time="0.01">
    <system-out><![CDATA[2025-10-17T10:43:39.634+02:00 DEBUG 50718 --- [           main] org.hibernate.SQL                        : 
    /* insert for
        com.quickpass.signup.domain.model.SignupSession */insert 
    into
        signup_session (completed, compte_id, created_at, current_step, email, expires_at, signup_type, updated_at, id) 
    values
        (?, ?, ?, ?, ?, ?, ?, ?, default)
Hibernate: 
    /* insert for
        com.quickpass.signup.domain.model.SignupSession */insert 
    into
        signup_session (completed, compte_id, created_at, current_step, email, expires_at, signup_type, updated_at, id) 
    values
        (?, ?, ?, ?, ?, ?, ?, ?, default)
2025-10-17T10:43:39.635+02:00 DEBUG 50718 --- [           main] org.hibernate.SQL                        : 
    /* insert for
        com.quickpass.signup.domain.model.SignupSession */insert 
    into
        signup_session (completed, compte_id, created_at, current_step, email, expires_at, signup_type, updated_at, id) 
    values
        (?, ?, ?, ?, ?, ?, ?, ?, default)
Hibernate: 
    /* insert for
        com.quickpass.signup.domain.model.SignupSession */insert 
    into
        signup_session (completed, compte_id, created_at, current_step, email, expires_at, signup_type, updated_at, id) 
    values
        (?, ?, ?, ?, ?, ?, ?, ?, default)
2025-10-17T10:43:39.637+02:00 DEBUG 50718 --- [           main] org.hibernate.SQL                        : 
    /* DELETE 
    FROM
        SignupSession s 
    WHERE
        s.expiresAt < :cutoff */ delete 
    from
        signup_session ss1_0 
    where
        ss1_0.expires_at<?
Hibernate: 
    /* DELETE 
    FROM
        SignupSession s 
    WHERE
        s.expiresAt < :cutoff */ delete 
    from
        signup_session ss1_0 
    where
        ss1_0.expires_at<?
2025-10-17T10:43:39.638+02:00 DEBUG 50718 --- [           main] org.hibernate.SQL                        : 
    /* <criteria> */ select
        ss1_0.id,
        ss1_0.completed,
        ss1_0.compte_id,
        ss1_0.created_at,
        ss1_0.current_step,
        ss1_0.email,
        ss1_0.expires_at,
        ss1_0.signup_type,
        ss1_0.updated_at 
    from
        signup_session ss1_0
Hibernate: 
    /* <criteria> */ select
        ss1_0.id,
        ss1_0.completed,
        ss1_0.compte_id,
        ss1_0.created_at,
        ss1_0.current_step,
        ss1_0.email,
        ss1_0.expires_at,
        ss1_0.signup_type,
        ss1_0.updated_at 
    from
        signup_session ss1_0
]]></system-out>
  </testcase>
</testsuite>